# JRE version: OpenJDK Runtime Environment (8.0_242-b01) (build 1.8.0_242-release-1644-b01)
# Java VM: OpenJDK 64-Bit Server VM (25.242-b01 mixed mode windows-amd64 compressed oops)
Heap:
 PSYoungGen      total 355328K, used 106170K [0x00000000d5580000, 0x00000000f1600000, 0x0000000100000000)
  eden space 319488K, 22% used [0x00000000d5580000,0x00000000d9a34778,0x00000000e8d80000)
  from space 35840K, 99% used [0x00000000ec500000,0x00000000ee7fa250,0x00000000ee800000)
  to   space 56832K, 0% used [0x00000000e8d80000,0x00000000e8d80000,0x00000000ec500000)
 ParOldGen       total 189440K, used 114309K [0x0000000080000000, 0x000000008b900000, 0x00000000d5580000)
  object space 189440K, 60% used [0x0000000080000000,0x0000000086fa15f0,0x000000008b900000)
 Metaspace       used 88036K, capacity 93246K, committed 93464K, reserved 1130496K
  class space    used 12058K, capacity 13079K, committed 13104K, reserved 1048576K
GC Heap History (10 events):
Event: 14.479 GC heap before
{Heap before GC invocations=13 (full 3):
 PSYoungGen      total 249344K, used 10249K [0x00000000d5580000, 0x00000000e7f00000, 0x0000000100000000)
  eden space 230912K, 0% used [0x00000000d5580000,0x00000000d5580000,0x00000000e3700000)
  from space 18432K, 55% used [0x00000000e4880000,0x00000000e52825f0,0x00000000e5a80000)
  to   space 17920K, 0% used [0x00000000e3700000,0x00000000e3700000,0x00000000e4880000)
 ParOldGen       total 130048K, used 33123K [0x0000000080000000, 0x0000000087f00000, 0x00000000d5580000)
  object space 130048K, 25% used [0x0000000080000000,0x0000000082058ee8,0x0000000087f00000)
 Metaspace       used 56780K, capacity 59078K, committed 59160K, reserved 1099776K
  class space    used 7772K, capacity 8240K, committed 8240K, reserved 1048576K
Event: 14.868 GC heap after
Heap after GC invocations=13 (full 3):
 PSYoungGen      total 249344K, used 0K [0x00000000d5580000, 0x00000000e7f00000, 0x0000000100000000)
  eden space 230912K, 0% used [0x00000000d5580000,0x00000000d5580000,0x00000000e3700000)
  from space 18432K, 0% used [0x00000000e4880000,0x00000000e4880000,0x00000000e5a80000)
  to   space 17920K, 0% used [0x00000000e3700000,0x00000000e3700000,0x00000000e4880000)
 ParOldGen       total 189440K, used 29808K [0x0000000080000000, 0x000000008b900000, 0x00000000d5580000)
  object space 189440K, 15% used [0x0000000080000000,0x0000000081d1c1a0,0x000000008b900000)
 Metaspace       used 56763K, capacity 59018K, committed 59160K, reserved 1099776K
  class space    used 7766K, capacity 8230K, committed 8240K, reserved 1048576K
}
Event: 19.558 GC heap before
{Heap before GC invocations=14 (full 3):
 PSYoungGen      total 249344K, used 230912K [0x00000000d5580000, 0x00000000e7f00000, 0x0000000100000000)
  eden space 230912K, 100% used [0x00000000d5580000,0x00000000e3700000,0x00000000e3700000)
  from space 18432K, 0% used [0x00000000e4880000,0x00000000e4880000,0x00000000e5a80000)
  to   space 17920K, 0% used [0x00000000e3700000,0x00000000e3700000,0x00000000e4880000)
 ParOldGen       total 189440K, used 29808K [0x0000000080000000, 0x000000008b900000, 0x00000000d5580000)
  object space 189440K, 15% used [0x0000000080000000,0x0000000081d1c1a0,0x000000008b900000)
 Metaspace       used 64826K, capacity 67800K, committed 67864K, reserved 1107968K
  class space    used 8933K, capacity 9511K, committed 9520K, reserved 1048576K
Event: 19.597 GC heap after
Heap after GC invocations=14 (full 3):
 PSYoungGen      total 248832K, used 17889K [0x00000000d5580000, 0x00000000ea200000, 0x0000000100000000)
  eden space 230912K, 0% used [0x00000000d5580000,0x00000000d5580000,0x00000000e3700000)
  from space 17920K, 99% used [0x00000000e3700000,0x00000000e48784e0,0x00000000e4880000)
  to   space 26624K, 0% used [0x00000000e8800000,0x00000000e8800000,0x00000000ea200000)
 ParOldGen       total 189440K, used 48839K [0x0000000080000000, 0x000000008b900000, 0x00000000d5580000)
  object space 189440K, 25% used [0x0000000080000000,0x0000000082fb1f78,0x000000008b900000)
 Metaspace       used 64826K, capacity 67800K, committed 67864K, reserved 1107968K
  class space    used 8933K, capacity 9511K, committed 9520K, reserved 1048576K
}
Event: 25.959 GC heap before
{Heap before GC invocations=15 (full 3):
 PSYoungGen      total 248832K, used 248786K [0x00000000d5580000, 0x00000000ea200000, 0x0000000100000000)
  eden space 230912K, 99% used [0x00000000d5580000,0x00000000e36fc5e0,0x00000000e3700000)
  from space 17920K, 99% used [0x00000000e3700000,0x00000000e48784e0,0x00000000e4880000)
  to   space 26624K, 0% used [0x00000000e8800000,0x00000000e8800000,0x00000000ea200000)
 ParOldGen       total 189440K, used 48839K [0x0000000080000000, 0x000000008b900000, 0x00000000d5580000)
  object space 189440K, 25% used [0x0000000080000000,0x0000000082fb1f78,0x000000008b900000)
 Metaspace       used 70809K, capacity 74208K, committed 74264K, reserved 1114112K
  class space    used 9627K, capacity 10275K, committed 10288K, reserved 1048576K
Event: 25.998 GC heap after
Heap after GC invocations=15 (full 3):
 PSYoungGen      total 303616K, used 19784K [0x00000000d5580000, 0x00000000e9e80000, 0x0000000100000000)
  eden space 280576K, 0% used [0x00000000d5580000,0x00000000d5580000,0x00000000e6780000)
  from space 23040K, 85% used [0x00000000e8800000,0x00000000e9b52210,0x00000000e9e80000)
  to   space 28160K, 0% used [0x00000000e6780000,0x00000000e6780000,0x00000000e8300000)
 ParOldGen       total 189440K, used 60759K [0x0000000080000000, 0x000000008b900000, 0x00000000d5580000)
  object space 189440K, 32% used [0x0000000080000000,0x0000000083b55ee0,0x000000008b900000)
 Metaspace       used 70809K, capacity 74208K, committed 74264K, reserved 1114112K
  class space    used 9627K, capacity 10275K, committed 10288K, reserved 1048576K
}
Event: 29.405 GC heap before
{Heap before GC invocations=16 (full 3):
 PSYoungGen      total 303616K, used 300360K [0x00000000d5580000, 0x00000000e9e80000, 0x0000000100000000)
  eden space 280576K, 100% used [0x00000000d5580000,0x00000000e6780000,0x00000000e6780000)
  from space 23040K, 85% used [0x00000000e8800000,0x00000000e9b52210,0x00000000e9e80000)
  to   space 28160K, 0% used [0x00000000e6780000,0x00000000e6780000,0x00000000e8300000)
 ParOldGen       total 189440K, used 60759K [0x0000000080000000, 0x000000008b900000, 0x00000000d5580000)
  object space 189440K, 32% used [0x0000000080000000,0x0000000083b55ee0,0x000000008b900000)
 Metaspace       used 77578K, capacity 81130K, committed 81304K, reserved 1120256K
  class space    used 10456K, capacity 11099K, committed 11184K, reserved 1048576K
Event: 29.462 GC heap after
Heap after GC invocations=16 (full 3):
 PSYoungGen      total 308736K, used 28138K [0x00000000d5580000, 0x00000000ee800000, 0x0000000100000000)
  eden space 280576K, 0% used [0x00000000d5580000,0x00000000d5580000,0x00000000e6780000)
  from space 28160K, 99% used [0x00000000e6780000,0x00000000e82faa18,0x00000000e8300000)
  to   space 35840K, 0% used [0x00000000ec500000,0x00000000ec500000,0x00000000ee800000)
 ParOldGen       total 189440K, used 71111K [0x0000000080000000, 0x000000008b900000, 0x00000000d5580000)
  object space 189440K, 37% used [0x0000000080000000,0x0000000084571c28,0x000000008b900000)
 Metaspace       used 77578K, capacity 81130K, committed 81304K, reserved 1120256K
  class space    used 10456K, capacity 11099K, committed 11184K, reserved 1048576K
}
Event: 34.796 GC heap before
{Heap before GC invocations=17 (full 3):
 PSYoungGen      total 308736K, used 308714K [0x00000000d5580000, 0x00000000ee800000, 0x0000000100000000)
  eden space 280576K, 100% used [0x00000000d5580000,0x00000000e6780000,0x00000000e6780000)
  from space 28160K, 99% used [0x00000000e6780000,0x00000000e82faa18,0x00000000e8300000)
  to   space 35840K, 0% used [0x00000000ec500000,0x00000000ec500000,0x00000000ee800000)
 ParOldGen       total 189440K, used 71111K [0x0000000080000000, 0x000000008b900000, 0x00000000d5580000)
  object space 189440K, 37% used [0x0000000080000000,0x0000000084571c28,0x000000008b900000)
 Metaspace       used 87920K, capacity 93118K, committed 93208K, reserved 1130496K
  class space    used 12058K, capacity 13079K, committed 13104K, reserved 1048576K
Event: 34.946 GC heap after
Heap after GC invocations=17 (full 3):
 PSYoungGen      total 355328K, used 35816K [0x00000000d5580000, 0x00000000f1600000, 0x0000000100000000)
  eden space 319488K, 0% used [0x00000000d5580000,0x00000000d5580000,0x00000000e8d80000)
  from space 35840K, 99% used [0x00000000ec500000,0x00000000ee7fa250,0x00000000ee800000)
  to   space 56832K, 0% used [0x00000000e8d80000,0x00000000e8d80000,0x00000000ec500000)
 ParOldGen       total 189440K, used 114309K [0x0000000080000000, 0x000000008b900000, 0x00000000d5580000)
  object space 189440K, 60% used [0x0000000080000000,0x0000000086fa15f0,0x000000008b900000)
 Metaspace       used 87920K, capacity 93118K, committed 93208K, reserved 1130496K
  class space    used 12058K, capacity 13079K, committed 13104K, reserved 1048576K
}

